CatBlock/app/build/intermediates/manifest_merge_blame_file/debug/processDebugMainManifest/manifest-merger-blame-debug-report.txt
1<?xml version="1.0" encoding="utf-8"?>
2<manifest xmlns:android="http://schemas.android.com/apk/res/android"
3    package="com.catblock.app"
4    android:versionCode="1"
5    android:versionName="1.0" >
6
7    <uses-sdk
8        android:minSdkVersion="26"
9        android:targetSdkVersion="34" />
10
11    <uses-permission android:name="android.permission.SYSTEM_ALERT_WINDOW" />
11-->src\main\AndroidManifest.xml:5:5-78
11-->src\main\AndroidManifest.xml:5:22-75
12    <uses-permission android:name="android.permission.PACKAGE_USAGE_STATS" />
12-->src\main\AndroidManifest.xml:6:5-7:47
12-->src\main\AndroidManifest.xml:6:22-75
13    <uses-permission android:name="android.permission.FOREGROUND_SERVICE" />
13-->src\main\AndroidManifest.xml:8:5-77
13-->src\main\AndroidManifest.xml:8:22-74
14    <uses-permission android:name="android.permission.FOREGROUND_SERVICE_SPECIAL_USE" />
14-->src\main\AndroidManifest.xml:9:5-89
14-->src\main\AndroidManifest.xml:9:22-86
15    <uses-permission android:name="android.permission.POST_NOTIFICATIONS" />
15-->src\main\AndroidManifest.xml:10:5-77
15-->src\main\AndroidManifest.xml:10:22-74
16    <uses-permission android:name="android.permission.RECEIVE_BOOT_COMPLETED" />
16-->src\main\AndroidManifest.xml:11:5-81
16-->src\main\AndroidManifest.xml:11:22-78
17    <uses-permission android:name="android.permission.QUERY_ALL_PACKAGES" />
17-->src\main\AndroidManifest.xml:12:5-13:53
17-->src\main\AndroidManifest.xml:12:22-74
18    <uses-permission android:name="android.permission.ACCESS_NETWORK_STATE" />
18-->[androidx.media3:media3-common:1.4.1] AndroidManifest.xml:22:5-79
18-->[androidx.media3:media3-common:1.4.1] AndroidManifest.xml:22:22-76
19
20    <permission
20-->[androidx.core:core:1.13.1] AndroidManifest.xml:22:5-24:47
21        android:name="com.catblock.app.DYNAMIC_RECEIVER_NOT_EXPORTED_PERMISSION"
21-->[androidx.core:core:1.13.1] AndroidManifest.xml:23:9-81
22        android:protectionLevel="signature" />
22-->[androidx.core:core:1.13.1] AndroidManifest.xml:24:9-44
23
24    <uses-permission android:name="com.catblock.app.DYNAMIC_RECEIVER_NOT_EXPORTED_PERMISSION" />
24-->[androidx.core:core:1.13.1] AndroidManifest.xml:26:5-97
24-->[androidx.core:core:1.13.1] AndroidManifest.xml:26:22-94
25
26    <application
26-->src\main\AndroidManifest.xml:15:5-49:19
27        android:allowBackup="true"
27-->src\main\AndroidManifest.xml:16:9-35
28        android:appComponentFactory="androidx.core.app.CoreComponentFactory"
28-->[androidx.core:core:1.13.1] AndroidManifest.xml:28:18-86
29        android:debuggable="true"
30        android:extractNativeLibs="false"
31        android:icon="@mipmap/ic_launcher"
31-->src\main\AndroidManifest.xml:17:9-43
32        android:label="@string/app_name"
32-->src\main\AndroidManifest.xml:18:9-41
33        android:roundIcon="@mipmap/ic_launcher_round"
33-->src\main\AndroidManifest.xml:19:9-54
34        android:supportsRtl="true"
34-->src\main\AndroidManifest.xml:20:9-35
35        android:testOnly="true"
36        android:theme="@style/Theme.CatBlock" >
36-->src\main\AndroidManifest.xml:21:9-46
37        <activity
37-->src\main\AndroidManifest.xml:23:9-31:20
38            android:name="com.catblock.app.MainActivity"
38-->src\main\AndroidManifest.xml:24:13-41
39            android:exported="true"
39-->src\main\AndroidManifest.xml:25:13-36
40            android:theme="@style/Theme.CatBlock" >
40-->src\main\AndroidManifest.xml:26:13-50
41            <intent-filter>
41-->src\main\AndroidManifest.xml:27:13-30:29
42                <action android:name="android.intent.action.MAIN" />
42-->src\main\AndroidManifest.xml:28:17-69
42-->src\main\AndroidManifest.xml:28:25-66
43
44                <category android:name="android.intent.category.LAUNCHER" />
44-->src\main\AndroidManifest.xml:29:17-77
44-->src\main\AndroidManifest.xml:29:27-74
45            </intent-filter>
46        </activity>
47
48        <service
48-->src\main\AndroidManifest.xml:33:9-40:19
49            android:name="com.catblock.app.service.UsageMonitorService"
49-->src\main\AndroidManifest.xml:34:13-56
50            android:exported="false"
50-->src\main\AndroidManifest.xml:35:13-37
51            android:foregroundServiceType="specialUse" >
51-->src\main\AndroidManifest.xml:36:13-55
52            <property
52-->src\main\AndroidManifest.xml:37:13-39:101
53                android:name="android.app.PROPERTY_SPECIAL_USE_FGS_SUBTYPE"
53-->src\main\AndroidManifest.xml:38:17-76
54                android:value="Monitor selected apps and enforce screen-time breaks via overlay." />
54-->src\main\AndroidManifest.xml:39:17-98
55        </service>
56
57        <receiver
57-->src\main\AndroidManifest.xml:42:9-48:20
58            android:name="com.catblock.app.service.BootReceiver"
58-->src\main\AndroidManifest.xml:43:13-49
59            android:exported="true" >
59-->src\main\AndroidManifest.xml:44:13-36
60            <intent-filter>
60-->src\main\AndroidManifest.xml:45:13-47:29
61                <action android:name="android.intent.action.BOOT_COMPLETED" />
61-->src\main\AndroidManifest.xml:46:17-79
61-->src\main\AndroidManifest.xml:46:25-76
62            </intent-filter>
63        </receiver>
64
65        <activity
65-->[androidx.compose.ui:ui-tooling-android:1.7.2] AndroidManifest.xml:23:9-25:39
66            android:name="androidx.compose.ui.tooling.PreviewActivity"
66-->[androidx.compose.ui:ui-tooling-android:1.7.2] AndroidManifest.xml:24:13-71
67            android:exported="true" />
67-->[androidx.compose.ui:ui-tooling-android:1.7.2] AndroidManifest.xml:25:13-36
68
69        <provider
69-->[androidx.emoji2:emoji2:1.3.0] AndroidManifest.xml:24:9-32:20
70            android:name="androidx.startup.InitializationProvider"
70-->[androidx.emoji2:emoji2:1.3.0] AndroidManifest.xml:25:13-67
71            android:authorities="com.catblock.app.androidx-startup"
71-->[androidx.emoji2:emoji2:1.3.0] AndroidManifest.xml:26:13-68
72            android:exported="false" >
72-->[androidx.emoji2:emoji2:1.3.0] AndroidManifest.xml:27:13-37
73            <meta-data
73-->[androidx.emoji2:emoji2:1.3.0] AndroidManifest.xml:29:13-31:52
74                android:name="androidx.emoji2.text.EmojiCompatInitializer"
74-->[androidx.emoji2:emoji2:1.3.0] AndroidManifest.xml:30:17-75
75                android:value="androidx.startup" />
75-->[androidx.emoji2:emoji2:1.3.0] AndroidManifest.xml:31:17-49
76            <meta-data
76-->[androidx.lifecycle:lifecycle-process:2.8.4] AndroidManifest.xml:29:13-31:52
77                android:name="androidx.lifecycle.ProcessLifecycleInitializer"
77-->[androidx.lifecycle:lifecycle-process:2.8.4] AndroidManifest.xml:30:17-78
78                android:value="androidx.startup" />
78-->[androidx.lifecycle:lifecycle-process:2.8.4] AndroidManifest.xml:31:17-49
79            <meta-data
79-->[androidx.profileinstaller:profileinstaller:1.3.1] AndroidManifest.xml:29:13-31:52
80                android:name="androidx.profileinstaller.ProfileInstallerInitializer"
80-->[androidx.profileinstaller:profileinstaller:1.3.1] AndroidManifest.xml:30:17-85
81                android:value="androidx.startup" />
81-->[androidx.profileinstaller:profileinstaller:1.3.1] AndroidManifest.xml:31:17-49
82        </provider>
83
84        <receiver
84-->[androidx.profileinstaller:profileinstaller:1.3.1] AndroidManifest.xml:34:9-52:20
85            android:name="androidx.profileinstaller.ProfileInstallReceiver"
85-->[androidx.profileinstaller:profileinstaller:1.3.1] AndroidManifest.xml:35:13-76
86            android:directBootAware="false"
86-->[androidx.profileinstaller:profileinstaller:1.3.1] AndroidManifest.xml:36:13-44
87            android:enabled="true"
87-->[androidx.profileinstaller:profileinstaller:1.3.1] AndroidManifest.xml:37:13-35
88            android:exported="true"
88-->[androidx.profileinstaller:profileinstaller:1.3.1] AndroidManifest.xml:38:13-36
89            android:permission="android.permission.DUMP" >
89-->[androidx.profileinstaller:profileinstaller:1.3.1] AndroidManifest.xml:39:13-57
90            <intent-filter>
90-->[androidx.profileinstaller:profileinstaller:1.3.1] AndroidManifest.xml:40:13-42:29
91                <action android:name="androidx.profileinstaller.action.INSTALL_PROFILE" />
91-->[androidx.profileinstaller:profileinstaller:1.3.1] AndroidManifest.xml:41:17-91
91-->[androidx.profileinstaller:profileinstaller:1.3.1] AndroidManifest.xml:41:25-88
92            </intent-filter>
93            <intent-filter>
93-->[androidx.profileinstaller:profileinstaller:1.3.1] AndroidManifest.xml:43:13-45:29
94                <action android:name="androidx.profileinstaller.action.SKIP_FILE" />
94-->[androidx.profileinstaller:profileinstaller:1.3.1] AndroidManifest.xml:44:17-85
94-->[androidx.profileinstaller:profileinstaller:1.3.1] AndroidManifest.xml:44:25-82
95            </intent-filter>
96            <intent-filter>
96-->[androidx.profileinstaller:profileinstaller:1.3.1] AndroidManifest.xml:46:13-48:29
97                <action android:name="androidx.profileinstaller.action.SAVE_PROFILE" />
97-->[androidx.profileinstaller:profileinstaller:1.3.1] AndroidManifest.xml:47:17-88
97-->[androidx.profileinstaller:profileinstaller:1.3.1] AndroidManifest.xml:47:25-85
98            </intent-filter>
99            <intent-filter>
99-->[androidx.profileinstaller:profileinstaller:1.3.1] AndroidManifest.xml:49:13-51:29
100                <action android:name="androidx.profileinstaller.action.BENCHMARK_OPERATION" />
100-->[androidx.profileinstaller:profileinstaller:1.3.1] AndroidManifest.xml:50:17-95
100-->[androidx.profileinstaller:profileinstaller:1.3.1] AndroidManifest.xml:50:25-92
101            </intent-filter>
102        </receiver>
103    </application>
104
105</manifest>